2020-10-27 10:23:00.605 [main] TRACE org.springframework.web.servlet.mvc.method.annotation.RequestMappingHandlerMapping - 
	c.f.m.b.c.BannerController:
	{GET /banner/pageList}: list(Integer,Integer)
	{GET /banner/test}: test()
	{GET /banner/urlDownload}: urlDownload(HttpServletRequest,HttpServletResponse)
	{POST /banner/update}: updateBannerName(String)
	{GET /banner/download}: download(HttpServletRequest,HttpServletResponse)
	{POST /banner/rabbitmq}: rabbitmq()
	{POST /banner/gridfs}: gridfs()
	{POST /banner/mongodb}: mongodb()
	{POST /banner/delay}: delay()
	{GET /banner/sqlList}: getBannerListByPage(Integer,Integer)
2020-10-27 10:23:00.611 [main] TRACE org.springframework.web.servlet.mvc.method.annotation.RequestMappingHandlerMapping - 
	s.d.s.w.ApiResourceController:
	{ /swagger-resources/configuration/security}: securityConfiguration()
	{ /swagger-resources}: swaggerResources()
	{ /swagger-resources/configuration/ui}: uiConfiguration()
2020-10-27 10:23:00.616 [main] TRACE org.springframework.web.servlet.mvc.method.annotation.RequestMappingHandlerMapping - 
	o.s.b.a.w.s.e.BasicErrorController:
	{ /error}: error(HttpServletRequest)
	{ /error, produces [text/html]}: errorHtml(HttpServletRequest,HttpServletResponse)
2020-10-27 10:25:54.760 [main] TRACE org.springframework.web.servlet.mvc.method.annotation.RequestMappingHandlerMapping - 
	c.f.m.b.c.BannerController:
	{GET /banner/pageList}: list(Integer,Integer)
	{GET /banner/test}: test()
	{POST /banner/delay}: delay()
	{POST /banner/rabbitmq}: rabbitmq()
	{POST /banner/update}: updateBannerName(String)
	{POST /banner/gridfs}: gridfs()
	{POST /banner/mongodb}: mongodb()
	{GET /banner/download}: download(HttpServletRequest,HttpServletResponse)
	{GET /banner/urlDownload}: urlDownload(HttpServletRequest,HttpServletResponse)
	{GET /banner/sqlList}: getBannerListByPage(Integer,Integer)
2020-10-27 10:25:54.767 [main] TRACE org.springframework.web.servlet.mvc.method.annotation.RequestMappingHandlerMapping - 
	s.d.s.w.ApiResourceController:
	{ /swagger-resources}: swaggerResources()
	{ /swagger-resources/configuration/ui}: uiConfiguration()
	{ /swagger-resources/configuration/security}: securityConfiguration()
2020-10-27 10:25:54.771 [main] TRACE org.springframework.web.servlet.mvc.method.annotation.RequestMappingHandlerMapping - 
	o.s.b.a.w.s.e.BasicErrorController:
	{ /error}: error(HttpServletRequest)
	{ /error, produces [text/html]}: errorHtml(HttpServletRequest,HttpServletResponse)
2020-10-27 10:28:32.910 [main] TRACE org.springframework.web.servlet.mvc.method.annotation.RequestMappingHandlerMapping - 
	c.f.m.b.c.BannerController:
	{GET /banner/pageList}: list(Integer,Integer)
	{GET /banner/test}: test()
	{POST /banner/delay}: delay()
	{GET /banner/sqlList}: getBannerListByPage(Integer,Integer)
	{POST /banner/gridfs}: gridfs()
	{GET /banner/download}: download(HttpServletRequest,HttpServletResponse)
	{GET /banner/urlDownload}: urlDownload(HttpServletRequest,HttpServletResponse)
	{POST /banner/mongodb}: mongodb()
	{POST /banner/rabbitmq}: rabbitmq()
	{POST /banner/update}: updateBannerName(String)
2020-10-27 10:28:32.915 [main] TRACE org.springframework.web.servlet.mvc.method.annotation.RequestMappingHandlerMapping - 
	s.d.s.w.ApiResourceController:
	{ /swagger-resources/configuration/security}: securityConfiguration()
	{ /swagger-resources}: swaggerResources()
	{ /swagger-resources/configuration/ui}: uiConfiguration()
2020-10-27 10:28:32.920 [main] TRACE org.springframework.web.servlet.mvc.method.annotation.RequestMappingHandlerMapping - 
	o.s.b.a.w.s.e.BasicErrorController:
	{ /error}: error(HttpServletRequest)
	{ /error, produces [text/html]}: errorHtml(HttpServletRequest,HttpServletResponse)
2020-10-27 10:30:20.467 [main] TRACE org.springframework.web.servlet.mvc.method.annotation.RequestMappingHandlerMapping - 
	c.f.m.b.c.BannerController:
	{GET /banner/pageList}: list(Integer,Integer)
	{GET /banner/test}: test()
	{POST /banner/delay}: delay()
	{GET /banner/sqlList}: getBannerListByPage(Integer,Integer)
	{POST /banner/update}: updateBannerName(String)
	{POST /banner/gridfs}: gridfs()
	{GET /banner/download}: download(HttpServletRequest,HttpServletResponse)
	{GET /banner/urlDownload}: urlDownload(HttpServletRequest,HttpServletResponse)
	{POST /banner/rabbitmq}: rabbitmq()
	{POST /banner/mongodb}: mongodb()
2020-10-27 10:30:20.473 [main] TRACE org.springframework.web.servlet.mvc.method.annotation.RequestMappingHandlerMapping - 
	s.d.s.w.ApiResourceController:
	{ /swagger-resources/configuration/security}: securityConfiguration()
	{ /swagger-resources/configuration/ui}: uiConfiguration()
	{ /swagger-resources}: swaggerResources()
2020-10-27 10:30:20.480 [main] TRACE org.springframework.web.servlet.mvc.method.annotation.RequestMappingHandlerMapping - 
	o.s.b.a.w.s.e.BasicErrorController:
	{ /error}: error(HttpServletRequest)
	{ /error, produces [text/html]}: errorHtml(HttpServletRequest,HttpServletResponse)
