2020-10-27 10:09:27.349 [main] INFO  org.springframework.boot.test.context.SpringBootTestContextBootstrapper - Neither @ContextConfiguration nor @ContextHierarchy found for test class [TestApplication], using SpringBootContextLoader
2020-10-27 10:09:27.372 [main] INFO  org.springframework.test.context.support.AbstractContextLoader - Could not detect default resource locations for test class [TestApplication]: no resource found for suffixes {-context.xml, Context.groovy}.
2020-10-27 10:09:27.376 [main] INFO  org.springframework.test.context.support.AnnotationConfigContextLoaderUtils - Could not detect default configuration classes for test class [TestApplication]: TestApplication does not declare any static, non-private, non-final, nested classes annotated with @Configuration.
2020-10-27 10:09:27.537 [main] INFO  org.springframework.boot.test.context.SpringBootTestContextBootstrapper - Neither @ContextConfiguration nor @ContextHierarchy found for test class [TestApplication], using SpringBootContextLoader
2020-10-27 10:09:27.539 [main] INFO  org.springframework.test.context.support.AbstractContextLoader - Could not detect default resource locations for test class [TestApplication]: no resource found for suffixes {-context.xml, Context.groovy}.
2020-10-27 10:09:27.540 [main] INFO  org.springframework.test.context.support.AnnotationConfigContextLoaderUtils - Could not detect default configuration classes for test class [TestApplication]: TestApplication does not declare any static, non-private, non-final, nested classes annotated with @Configuration.
2020-10-27 10:09:27.546 [main] INFO  org.springframework.boot.test.context.SpringBootTestContextBootstrapper - Neither @ContextConfiguration nor @ContextHierarchy found for test class [TestApplication], using SpringBootContextLoader
2020-10-27 10:09:27.547 [main] INFO  org.springframework.test.context.support.AbstractContextLoader - Could not detect default resource locations for test class [TestApplication]: no resource found for suffixes {-context.xml, Context.groovy}.
2020-10-27 10:09:27.547 [main] INFO  org.springframework.test.context.support.AnnotationConfigContextLoaderUtils - Could not detect default configuration classes for test class [TestApplication]: TestApplication does not declare any static, non-private, non-final, nested classes annotated with @Configuration.
2020-10-27 10:10:57.817 [main] INFO  org.springframework.boot.test.context.SpringBootTestContextBootstrapper - Neither @ContextConfiguration nor @ContextHierarchy found for test class [TestApplication], using SpringBootContextLoader
2020-10-27 10:10:57.849 [main] INFO  org.springframework.test.context.support.AbstractContextLoader - Could not detect default resource locations for test class [TestApplication]: no resource found for suffixes {-context.xml, Context.groovy}.
2020-10-27 10:10:57.866 [main] INFO  org.springframework.test.context.support.AnnotationConfigContextLoaderUtils - Could not detect default configuration classes for test class [TestApplication]: TestApplication does not declare any static, non-private, non-final, nested classes annotated with @Configuration.
2020-10-27 10:10:58.147 [main] INFO  org.springframework.boot.test.context.SpringBootTestContextBootstrapper - Neither @ContextConfiguration nor @ContextHierarchy found for test class [TestApplication], using SpringBootContextLoader
2020-10-27 10:10:58.149 [main] INFO  org.springframework.test.context.support.AbstractContextLoader - Could not detect default resource locations for test class [TestApplication]: no resource found for suffixes {-context.xml, Context.groovy}.
2020-10-27 10:10:58.149 [main] INFO  org.springframework.test.context.support.AnnotationConfigContextLoaderUtils - Could not detect default configuration classes for test class [TestApplication]: TestApplication does not declare any static, non-private, non-final, nested classes annotated with @Configuration.
2020-10-27 10:10:58.159 [main] INFO  org.springframework.boot.test.context.SpringBootTestContextBootstrapper - Neither @ContextConfiguration nor @ContextHierarchy found for test class [TestApplication], using SpringBootContextLoader
2020-10-27 10:10:58.161 [main] INFO  org.springframework.test.context.support.AbstractContextLoader - Could not detect default resource locations for test class [TestApplication]: no resource found for suffixes {-context.xml, Context.groovy}.
2020-10-27 10:10:58.162 [main] INFO  org.springframework.test.context.support.AnnotationConfigContextLoaderUtils - Could not detect default configuration classes for test class [TestApplication]: TestApplication does not declare any static, non-private, non-final, nested classes annotated with @Configuration.
2020-10-27 10:13:02.103 [main] INFO  org.springframework.boot.test.context.SpringBootTestContextBootstrapper - Neither @ContextConfiguration nor @ContextHierarchy found for test class [TestApplication], using SpringBootContextLoader
2020-10-27 10:13:02.115 [main] INFO  org.springframework.test.context.support.AbstractContextLoader - Could not detect default resource locations for test class [TestApplication]: no resource found for suffixes {-context.xml, Context.groovy}.
2020-10-27 10:13:02.117 [main] INFO  org.springframework.test.context.support.AnnotationConfigContextLoaderUtils - Could not detect default configuration classes for test class [TestApplication]: TestApplication does not declare any static, non-private, non-final, nested classes annotated with @Configuration.
2020-10-27 10:13:02.254 [main] INFO  org.springframework.boot.test.context.SpringBootTestContextBootstrapper - Neither @ContextConfiguration nor @ContextHierarchy found for test class [TestApplication], using SpringBootContextLoader
2020-10-27 10:13:02.254 [main] INFO  org.springframework.test.context.support.AbstractContextLoader - Could not detect default resource locations for test class [TestApplication]: no resource found for suffixes {-context.xml, Context.groovy}.
2020-10-27 10:13:02.255 [main] INFO  org.springframework.test.context.support.AnnotationConfigContextLoaderUtils - Could not detect default configuration classes for test class [TestApplication]: TestApplication does not declare any static, non-private, non-final, nested classes annotated with @Configuration.
2020-10-27 10:13:02.262 [main] INFO  org.springframework.boot.test.context.SpringBootTestContextBootstrapper - Neither @ContextConfiguration nor @ContextHierarchy found for test class [TestApplication], using SpringBootContextLoader
2020-10-27 10:13:02.264 [main] INFO  org.springframework.test.context.support.AbstractContextLoader - Could not detect default resource locations for test class [TestApplication]: no resource found for suffixes {-context.xml, Context.groovy}.
2020-10-27 10:13:02.265 [main] INFO  org.springframework.test.context.support.AnnotationConfigContextLoaderUtils - Could not detect default configuration classes for test class [TestApplication]: TestApplication does not declare any static, non-private, non-final, nested classes annotated with @Configuration.
2020-10-27 10:13:55.120 [main] INFO  org.springframework.boot.test.context.SpringBootTestContextBootstrapper - Neither @ContextConfiguration nor @ContextHierarchy found for test class [TestApplication], using SpringBootContextLoader
2020-10-27 10:13:55.130 [main] INFO  org.springframework.test.context.support.AbstractContextLoader - Could not detect default resource locations for test class [TestApplication]: no resource found for suffixes {-context.xml, Context.groovy}.
2020-10-27 10:13:55.365 [main] INFO  org.springframework.boot.test.context.SpringBootTestContextBootstrapper - Loaded default TestExecutionListener class names from location [META-INF/spring.factories]: [org.springframework.boot.test.mock.mockito.MockitoTestExecutionListener, org.springframework.boot.test.mock.mockito.ResetMocksTestExecutionListener, org.springframework.boot.test.autoconfigure.restdocs.RestDocsTestExecutionListener, org.springframework.boot.test.autoconfigure.web.client.MockRestServiceServerResetTestExecutionListener, org.springframework.boot.test.autoconfigure.web.servlet.MockMvcPrintOnlyOnFailureTestExecutionListener, org.springframework.boot.test.autoconfigure.web.servlet.WebDriverTestExecutionListener, org.springframework.boot.test.autoconfigure.webservices.client.MockWebServiceServerTestExecutionListener, org.springframework.test.context.web.ServletTestExecutionListener, org.springframework.test.context.support.DirtiesContextBeforeModesTestExecutionListener, org.springframework.test.context.support.DependencyInjectionTestExecutionListener, org.springframework.test.context.support.DirtiesContextTestExecutionListener, org.springframework.test.context.transaction.TransactionalTestExecutionListener, org.springframework.test.context.jdbc.SqlScriptsTestExecutionListener, org.springframework.test.context.event.EventPublishingTestExecutionListener]
2020-10-27 10:13:55.394 [main] INFO  org.springframework.boot.test.context.SpringBootTestContextBootstrapper - Using TestExecutionListeners: [org.springframework.test.context.web.ServletTestExecutionListener@31edaa7d, org.springframework.test.context.support.DirtiesContextBeforeModesTestExecutionListener@26adfd2d, org.springframework.boot.test.mock.mockito.MockitoTestExecutionListener@3336e6b6, org.springframework.boot.test.autoconfigure.SpringBootDependencyInjectionTestExecutionListener@7c3fdb62, org.springframework.test.context.support.DirtiesContextTestExecutionListener@205d38da, org.springframework.test.context.transaction.TransactionalTestExecutionListener@6950ed69, org.springframework.test.context.jdbc.SqlScriptsTestExecutionListener@6dd7b5a3, org.springframework.test.context.event.EventPublishingTestExecutionListener@6f3187b0, org.springframework.boot.test.mock.mockito.ResetMocksTestExecutionListener@2663e964, org.springframework.boot.test.autoconfigure.restdocs.RestDocsTestExecutionListener@48b67364, org.springframework.boot.test.autoconfigure.web.client.MockRestServiceServerResetTestExecutionListener@189cbd7c, org.springframework.boot.test.autoconfigure.web.servlet.MockMvcPrintOnlyOnFailureTestExecutionListener@7bf3a5d8, org.springframework.boot.test.autoconfigure.web.servlet.WebDriverTestExecutionListener@42e25b0b, org.springframework.boot.test.autoconfigure.webservices.client.MockWebServiceServerTestExecutionListener@39b43d60]
2020-10-27 10:13:55.863 [background-preinit] INFO  org.hibernate.validator.internal.util.Version - HV000001: Hibernate Validator 6.1.5.Final
2020-10-27 10:13:55.904 [main] INFO  TestApplication - Starting TestApplication on DESKTOP-3U8JFKN with PID 18540 (started by Administrator in C:\work\project\springcloud-falsework\project-service-banner)
2020-10-27 10:13:55.905 [main] INFO  TestApplication - The following profiles are active: dev
2020-10-27 10:17:09.237 [main] INFO  org.springframework.boot.test.context.SpringBootTestContextBootstrapper - Neither @ContextConfiguration nor @ContextHierarchy found for test class [TestApplication], using SpringBootContextLoader
2020-10-27 10:17:09.251 [main] INFO  org.springframework.test.context.support.AbstractContextLoader - Could not detect default resource locations for test class [TestApplication]: no resource found for suffixes {-context.xml, Context.groovy}.
2020-10-27 10:17:09.254 [main] INFO  org.springframework.test.context.support.AnnotationConfigContextLoaderUtils - Could not detect default configuration classes for test class [TestApplication]: TestApplication does not declare any static, non-private, non-final, nested classes annotated with @Configuration.
2020-10-27 10:17:09.394 [main] INFO  org.springframework.boot.test.context.SpringBootTestContextBootstrapper - Neither @ContextConfiguration nor @ContextHierarchy found for test class [TestApplication], using SpringBootContextLoader
2020-10-27 10:17:09.395 [main] INFO  org.springframework.test.context.support.AbstractContextLoader - Could not detect default resource locations for test class [TestApplication]: no resource found for suffixes {-context.xml, Context.groovy}.
2020-10-27 10:17:09.396 [main] INFO  org.springframework.test.context.support.AnnotationConfigContextLoaderUtils - Could not detect default configuration classes for test class [TestApplication]: TestApplication does not declare any static, non-private, non-final, nested classes annotated with @Configuration.
2020-10-27 10:17:09.410 [main] INFO  org.springframework.boot.test.context.SpringBootTestContextBootstrapper - Neither @ContextConfiguration nor @ContextHierarchy found for test class [TestApplication], using SpringBootContextLoader
2020-10-27 10:17:09.414 [main] INFO  org.springframework.test.context.support.AbstractContextLoader - Could not detect default resource locations for test class [TestApplication]: no resource found for suffixes {-context.xml, Context.groovy}.
2020-10-27 10:17:09.414 [main] INFO  org.springframework.test.context.support.AnnotationConfigContextLoaderUtils - Could not detect default configuration classes for test class [TestApplication]: TestApplication does not declare any static, non-private, non-final, nested classes annotated with @Configuration.
2020-10-27 10:22:48.156 [main] INFO  org.springframework.boot.test.context.SpringBootTestContextBootstrapper - Neither @ContextConfiguration nor @ContextHierarchy found for test class [com.fans.modules.banner.service.BannerServiceTest], using SpringBootContextLoader
2020-10-27 10:22:48.170 [main] INFO  org.springframework.test.context.support.AbstractContextLoader - Could not detect default resource locations for test class [com.fans.modules.banner.service.BannerServiceTest]: no resource found for suffixes {-context.xml, Context.groovy}.
2020-10-27 10:22:48.172 [main] INFO  org.springframework.test.context.support.AnnotationConfigContextLoaderUtils - Could not detect default configuration classes for test class [com.fans.modules.banner.service.BannerServiceTest]: BannerServiceTest does not declare any static, non-private, non-final, nested classes annotated with @Configuration.
2020-10-27 10:22:48.478 [main] INFO  org.springframework.boot.test.context.SpringBootTestContextBootstrapper - Found @SpringBootConfiguration com.fans.modules.banner.BannerApplication for test class com.fans.modules.banner.service.BannerServiceTest
2020-10-27 10:22:48.765 [main] INFO  org.springframework.boot.test.context.SpringBootTestContextBootstrapper - Loaded default TestExecutionListener class names from location [META-INF/spring.factories]: [org.springframework.boot.test.mock.mockito.MockitoTestExecutionListener, org.springframework.boot.test.mock.mockito.ResetMocksTestExecutionListener, org.springframework.boot.test.autoconfigure.restdocs.RestDocsTestExecutionListener, org.springframework.boot.test.autoconfigure.web.client.MockRestServiceServerResetTestExecutionListener, org.springframework.boot.test.autoconfigure.web.servlet.MockMvcPrintOnlyOnFailureTestExecutionListener, org.springframework.boot.test.autoconfigure.web.servlet.WebDriverTestExecutionListener, org.springframework.boot.test.autoconfigure.webservices.client.MockWebServiceServerTestExecutionListener, org.springframework.test.context.web.ServletTestExecutionListener, org.springframework.test.context.support.DirtiesContextBeforeModesTestExecutionListener, org.springframework.test.context.support.DependencyInjectionTestExecutionListener, org.springframework.test.context.support.DirtiesContextTestExecutionListener, org.springframework.test.context.transaction.TransactionalTestExecutionListener, org.springframework.test.context.jdbc.SqlScriptsTestExecutionListener, org.springframework.test.context.event.EventPublishingTestExecutionListener]
2020-10-27 10:22:48.808 [main] INFO  org.springframework.boot.test.context.SpringBootTestContextBootstrapper - Using TestExecutionListeners: [org.springframework.test.context.web.ServletTestExecutionListener@7fcf2fc1, org.springframework.test.context.support.DirtiesContextBeforeModesTestExecutionListener@2141a12, org.springframework.boot.test.mock.mockito.MockitoTestExecutionListener@4196c360, org.springframework.boot.test.autoconfigure.SpringBootDependencyInjectionTestExecutionListener@41294f8, org.springframework.test.context.support.DirtiesContextTestExecutionListener@225129c, org.springframework.test.context.transaction.TransactionalTestExecutionListener@20435c40, org.springframework.test.context.jdbc.SqlScriptsTestExecutionListener@573906eb, org.springframework.test.context.event.EventPublishingTestExecutionListener@479ceda0, org.springframework.boot.test.mock.mockito.ResetMocksTestExecutionListener@6d07a63d, org.springframework.boot.test.autoconfigure.restdocs.RestDocsTestExecutionListener@571c5681, org.springframework.boot.test.autoconfigure.web.client.MockRestServiceServerResetTestExecutionListener@488d1cd7, org.springframework.boot.test.autoconfigure.web.servlet.MockMvcPrintOnlyOnFailureTestExecutionListener@68dc098b, org.springframework.boot.test.autoconfigure.web.servlet.WebDriverTestExecutionListener@38ba6ce3, org.springframework.boot.test.autoconfigure.webservices.client.MockWebServiceServerTestExecutionListener@d278d2b]
2020-10-27 10:22:49.394 [background-preinit] INFO  org.hibernate.validator.internal.util.Version - HV000001: Hibernate Validator 6.1.5.Final
2020-10-27 10:22:49.430 [main] INFO  com.fans.modules.banner.service.BannerServiceTest - Starting BannerServiceTest on DESKTOP-3U8JFKN with PID 9024 (started by Administrator in C:\work\project\springcloud-falsework\project-service-banner)
2020-10-27 10:22:49.431 [main] INFO  com.fans.modules.banner.service.BannerServiceTest - The following profiles are active: dev
2020-10-27 10:22:51.560 [main] INFO  org.springframework.data.repository.config.RepositoryConfigurationDelegate - Multiple Spring Data modules found, entering strict repository configuration mode!
2020-10-27 10:22:51.563 [main] INFO  org.springframework.data.repository.config.RepositoryConfigurationDelegate - Bootstrapping Spring Data MongoDB repositories in DEFAULT mode.
2020-10-27 10:22:51.843 [main] INFO  org.springframework.data.repository.config.RepositoryConfigurationDelegate - Finished Spring Data repository scanning in 273ms. Found 1 MongoDB repository interfaces.
2020-10-27 10:22:51.863 [main] INFO  org.springframework.data.repository.config.RepositoryConfigurationDelegate - Multiple Spring Data modules found, entering strict repository configuration mode!
2020-10-27 10:22:51.865 [main] INFO  org.springframework.data.repository.config.RepositoryConfigurationDelegate - Bootstrapping Spring Data Redis repositories in DEFAULT mode.
2020-10-27 10:22:51.889 [main] INFO  org.springframework.data.repository.config.RepositoryConfigurationExtensionSupport - Spring Data Redis - Could not safely identify store assignment for repository candidate interface com.fans.modules.banner.repository.MongoDbRepository. If you want this repository to be a Redis repository, consider annotating your entities with one of these annotations: org.springframework.data.redis.core.RedisHash (preferred), or consider extending one of the following types with your repository: org.springframework.data.keyvalue.repository.KeyValueRepository.
2020-10-27 10:22:51.889 [main] INFO  org.springframework.data.repository.config.RepositoryConfigurationDelegate - Finished Spring Data repository scanning in 12ms. Found 0 Redis repository interfaces.
2020-10-27 10:22:53.061 [main] INFO  org.springframework.context.support.PostProcessorRegistrationDelegate$BeanPostProcessorChecker - Bean 'spring.redis-org.springframework.boot.autoconfigure.data.redis.RedisProperties' of type [org.springframework.boot.autoconfigure.data.redis.RedisProperties] is not eligible for getting processed by all BeanPostProcessors (for example: not eligible for auto-proxying)
2020-10-27 10:22:53.077 [main] INFO  org.springframework.context.support.PostProcessorRegistrationDelegate$BeanPostProcessorChecker - Bean 'redisClusterProperty' of type [com.fans.properties.RedisClusterProperty] is not eligible for getting processed by all BeanPostProcessors (for example: not eligible for auto-proxying)
2020-10-27 10:22:53.079 [main] INFO  org.springframework.context.support.PostProcessorRegistrationDelegate$BeanPostProcessorChecker - Bean 'redisConfiguration' of type [com.fans.core.configuration.RedisConfiguration$$EnhancerBySpringCGLIB$$32ca6e4] is not eligible for getting processed by all BeanPostProcessors (for example: not eligible for auto-proxying)
2020-10-27 10:22:53.667 [main] INFO  com.fans.core.datasource.config.DynamicDataSourceConfig - 
--> Let's inspect the dataSource provided by Spring Boot to project: 
{
  "defaultDatabase":"系统默认数据源",
  "cloudy":"Security框架",
  "security":"Rbac框架"
}
2020-10-27 10:22:57.475 [main] INFO  org.mongodb.driver.cluster - Cluster created with settings {hosts=[127.0.0.1:27017], mode=SINGLE, requiredClusterType=UNKNOWN, serverSelectionTimeout='30000 ms'}
2020-10-27 10:22:57.626 [cluster-ClusterId{value='5f978481aed332431777e468', description='null'}-127.0.0.1:27017] INFO  org.mongodb.driver.connection - Opened connection [connectionId{localValue:1, serverValue:27}] to 127.0.0.1:27017
2020-10-27 10:22:57.636 [cluster-ClusterId{value='5f978481aed332431777e468', description='null'}-127.0.0.1:27017] INFO  org.mongodb.driver.cluster - Monitor thread successfully connected to server with description ServerDescription{address=127.0.0.1:27017, type=STANDALONE, state=CONNECTED, ok=true, minWireVersion=0, maxWireVersion=9, maxDocumentSize=16777216, logicalSessionTimeoutMinutes=30, roundTripTimeNanos=7448400}
2020-10-27 10:23:01.860 [main] INFO  org.springframework.boot.actuate.endpoint.web.EndpointLinksResolver - Exposing 13 endpoint(s) beneath base path '/actuator'
2020-10-27 10:23:02.474 [main] INFO  springfox.documentation.spring.web.PropertySourcedRequestMappingHandlerMapping - Mapped URL path [/v2/api-docs] onto method [springfox.documentation.swagger2.web.Swagger2Controller#getDocumentation(String, HttpServletRequest)]
2020-10-27 10:23:07.972 [main] INFO  org.reflections.Reflections - Reflections took 5410 ms to scan 217 urls, producing 18711 keys and 93216 values 
2020-10-27 10:23:16.113 [main] INFO  org.reflections.Reflections - Reflections took 4945 ms to scan 217 urls, producing 18711 keys and 93216 values 
2020-10-27 10:23:21.658 [main] INFO  org.reflections.Reflections - Reflections took 4589 ms to scan 217 urls, producing 18711 keys and 93216 values 
2020-10-27 10:23:22.745 [main] INFO  com.fans.threadpool.basic.PoolRegister - 
--> PoolRegister init() @2020-10-27 10:23:22
2020-10-27 10:23:22.746 [main] INFO  com.fans.threadpool.basic.PoolRegister - 
--> 可用线程队列列表(poolRegister.executeHandler(eventBean)) : 
[
  "The 【MessageBean】 queue ready !!!  Action : 消息执行器,发送消息专用",
  "The 【PayBean】 queue ready !!!  Action : 支付执行器,支付后执行逻辑 例如扣库存"
]
--> 私有线程池列表(ThreadPoolProxyFactory.getThreadPoolProxy()) : 
[
  "The ThreadPool 【ThreadPoolProxy】 init() @ success !!! Description : 本地线程池"
]
--> 私有缓存池列表(LocalCacheProxyFactory.getLocalCacheProxy()) : 
[
  "The LoadingCache 【LocalCacheProxy】 init() @ success !!! Description : 本地缓存"
]
2020-10-27 10:23:23.868 [main] INFO  org.springframework.scheduling.concurrent.ThreadPoolTaskExecutor - Initializing ExecutorService 'applicationTaskExecutor'
2020-10-27 10:23:25.521 [main] INFO  springfox.documentation.spring.web.plugins.DocumentationPluginsBootstrapper - Context refreshed
2020-10-27 10:23:25.537 [main] INFO  springfox.documentation.spring.web.plugins.DocumentationPluginsBootstrapper - Found 2 custom documentation plugin(s)
2020-10-27 10:23:25.606 [main] INFO  springfox.documentation.spring.web.scanners.ApiListingReferenceScanner - Scanning for api listing references
2020-10-27 10:23:25.967 [main] INFO  springfox.documentation.spring.web.scanners.ApiListingReferenceScanner - Scanning for api listing references
2020-10-27 10:23:26.000 [main] INFO  com.fans.modules.banner.service.BannerServiceTest - Started BannerServiceTest in 37.137 seconds (JVM running for 39.283)
2020-10-27 10:23:26.034 [main] INFO  org.springframework.boot.autoconfigure.logging.ConditionEvaluationReportLoggingListener - 

Error starting ApplicationContext. To display the conditions report re-run your application with 'debug' enabled.
2020-10-27 10:23:26.169 [main] INFO  org.springframework.scheduling.concurrent.ThreadPoolTaskExecutor - Shutting down ExecutorService 'applicationTaskExecutor'
2020-10-27 10:25:42.656 [main] INFO  org.springframework.boot.test.context.SpringBootTestContextBootstrapper - Neither @ContextConfiguration nor @ContextHierarchy found for test class [com.fans.modules.banner.service.IBannerServiceTest], using SpringBootContextLoader
2020-10-27 10:25:42.688 [main] INFO  org.springframework.test.context.support.AbstractContextLoader - Could not detect default resource locations for test class [com.fans.modules.banner.service.IBannerServiceTest]: no resource found for suffixes {-context.xml, Context.groovy}.
2020-10-27 10:25:42.688 [main] INFO  org.springframework.test.context.support.AnnotationConfigContextLoaderUtils - Could not detect default configuration classes for test class [com.fans.modules.banner.service.IBannerServiceTest]: IBannerServiceTest does not declare any static, non-private, non-final, nested classes annotated with @Configuration.
2020-10-27 10:25:43.101 [main] INFO  org.springframework.boot.test.context.SpringBootTestContextBootstrapper - Found @SpringBootConfiguration com.fans.modules.banner.BannerApplication for test class com.fans.modules.banner.service.IBannerServiceTest
2020-10-27 10:25:43.431 [main] INFO  org.springframework.boot.test.context.SpringBootTestContextBootstrapper - Loaded default TestExecutionListener class names from location [META-INF/spring.factories]: [org.springframework.boot.test.mock.mockito.MockitoTestExecutionListener, org.springframework.boot.test.mock.mockito.ResetMocksTestExecutionListener, org.springframework.boot.test.autoconfigure.restdocs.RestDocsTestExecutionListener, org.springframework.boot.test.autoconfigure.web.client.MockRestServiceServerResetTestExecutionListener, org.springframework.boot.test.autoconfigure.web.servlet.MockMvcPrintOnlyOnFailureTestExecutionListener, org.springframework.boot.test.autoconfigure.web.servlet.WebDriverTestExecutionListener, org.springframework.boot.test.autoconfigure.webservices.client.MockWebServiceServerTestExecutionListener, org.springframework.test.context.web.ServletTestExecutionListener, org.springframework.test.context.support.DirtiesContextBeforeModesTestExecutionListener, org.springframework.test.context.support.DependencyInjectionTestExecutionListener, org.springframework.test.context.support.DirtiesContextTestExecutionListener, org.springframework.test.context.transaction.TransactionalTestExecutionListener, org.springframework.test.context.jdbc.SqlScriptsTestExecutionListener, org.springframework.test.context.event.EventPublishingTestExecutionListener]
2020-10-27 10:25:43.462 [main] INFO  org.springframework.boot.test.context.SpringBootTestContextBootstrapper - Using TestExecutionListeners: [org.springframework.test.context.web.ServletTestExecutionListener@e383572, org.springframework.test.context.support.DirtiesContextBeforeModesTestExecutionListener@5ddf0d24, org.springframework.boot.test.mock.mockito.MockitoTestExecutionListener@363a52f, org.springframework.boot.test.autoconfigure.SpringBootDependencyInjectionTestExecutionListener@60856961, org.springframework.test.context.support.DirtiesContextTestExecutionListener@2fd953a6, org.springframework.test.context.transaction.TransactionalTestExecutionListener@a4add54, org.springframework.test.context.jdbc.SqlScriptsTestExecutionListener@141e5bef, org.springframework.test.context.event.EventPublishingTestExecutionListener@5f9be66c, org.springframework.boot.test.mock.mockito.ResetMocksTestExecutionListener@3abada5a, org.springframework.boot.test.autoconfigure.restdocs.RestDocsTestExecutionListener@66c61024, org.springframework.boot.test.autoconfigure.web.client.MockRestServiceServerResetTestExecutionListener@61fe30, org.springframework.boot.test.autoconfigure.web.servlet.MockMvcPrintOnlyOnFailureTestExecutionListener@c9d0d6, org.springframework.boot.test.autoconfigure.web.servlet.WebDriverTestExecutionListener@6ccdb29f, org.springframework.boot.test.autoconfigure.webservices.client.MockWebServiceServerTestExecutionListener@3adcc812]
2020-10-27 10:25:43.951 [background-preinit] INFO  org.hibernate.validator.internal.util.Version - HV000001: Hibernate Validator 6.1.5.Final
2020-10-27 10:25:43.979 [main] INFO  com.fans.modules.banner.service.IBannerServiceTest - Starting IBannerServiceTest on DESKTOP-3U8JFKN with PID 20768 (started by Administrator in C:\work\project\springcloud-falsework\project-service-banner)
2020-10-27 10:25:43.980 [main] INFO  com.fans.modules.banner.service.IBannerServiceTest - The following profiles are active: dev
2020-10-27 10:25:46.019 [main] INFO  org.springframework.data.repository.config.RepositoryConfigurationDelegate - Multiple Spring Data modules found, entering strict repository configuration mode!
2020-10-27 10:25:46.021 [main] INFO  org.springframework.data.repository.config.RepositoryConfigurationDelegate - Bootstrapping Spring Data MongoDB repositories in DEFAULT mode.
2020-10-27 10:25:46.285 [main] INFO  org.springframework.data.repository.config.RepositoryConfigurationDelegate - Finished Spring Data repository scanning in 257ms. Found 1 MongoDB repository interfaces.
2020-10-27 10:25:46.309 [main] INFO  org.springframework.data.repository.config.RepositoryConfigurationDelegate - Multiple Spring Data modules found, entering strict repository configuration mode!
2020-10-27 10:25:46.312 [main] INFO  org.springframework.data.repository.config.RepositoryConfigurationDelegate - Bootstrapping Spring Data Redis repositories in DEFAULT mode.
2020-10-27 10:25:46.339 [main] INFO  org.springframework.data.repository.config.RepositoryConfigurationExtensionSupport - Spring Data Redis - Could not safely identify store assignment for repository candidate interface com.fans.modules.banner.repository.MongoDbRepository. If you want this repository to be a Redis repository, consider annotating your entities with one of these annotations: org.springframework.data.redis.core.RedisHash (preferred), or consider extending one of the following types with your repository: org.springframework.data.keyvalue.repository.KeyValueRepository.
2020-10-27 10:25:46.339 [main] INFO  org.springframework.data.repository.config.RepositoryConfigurationDelegate - Finished Spring Data repository scanning in 12ms. Found 0 Redis repository interfaces.
2020-10-27 10:25:47.471 [main] INFO  org.springframework.context.support.PostProcessorRegistrationDelegate$BeanPostProcessorChecker - Bean 'spring.redis-org.springframework.boot.autoconfigure.data.redis.RedisProperties' of type [org.springframework.boot.autoconfigure.data.redis.RedisProperties] is not eligible for getting processed by all BeanPostProcessors (for example: not eligible for auto-proxying)
2020-10-27 10:25:47.481 [main] INFO  org.springframework.context.support.PostProcessorRegistrationDelegate$BeanPostProcessorChecker - Bean 'redisClusterProperty' of type [com.fans.properties.RedisClusterProperty] is not eligible for getting processed by all BeanPostProcessors (for example: not eligible for auto-proxying)
2020-10-27 10:25:47.484 [main] INFO  org.springframework.context.support.PostProcessorRegistrationDelegate$BeanPostProcessorChecker - Bean 'redisConfiguration' of type [com.fans.core.configuration.RedisConfiguration$$EnhancerBySpringCGLIB$$9e17d141] is not eligible for getting processed by all BeanPostProcessors (for example: not eligible for auto-proxying)
2020-10-27 10:25:47.999 [main] INFO  com.fans.core.datasource.config.DynamicDataSourceConfig - 
--> Let's inspect the dataSource provided by Spring Boot to project: 
{
  "defaultDatabase":"系统默认数据源",
  "cloudy":"Security框架",
  "security":"Rbac框架"
}
2020-10-27 10:25:52.002 [main] INFO  org.mongodb.driver.cluster - Cluster created with settings {hosts=[127.0.0.1:27017], mode=SINGLE, requiredClusterType=UNKNOWN, serverSelectionTimeout='30000 ms'}
2020-10-27 10:25:52.152 [cluster-ClusterId{value='5f97852f0d1b517ebf12eeb8', description='null'}-127.0.0.1:27017] INFO  org.mongodb.driver.connection - Opened connection [connectionId{localValue:1, serverValue:28}] to 127.0.0.1:27017
2020-10-27 10:25:52.161 [cluster-ClusterId{value='5f97852f0d1b517ebf12eeb8', description='null'}-127.0.0.1:27017] INFO  org.mongodb.driver.cluster - Monitor thread successfully connected to server with description ServerDescription{address=127.0.0.1:27017, type=STANDALONE, state=CONNECTED, ok=true, minWireVersion=0, maxWireVersion=9, maxDocumentSize=16777216, logicalSessionTimeoutMinutes=30, roundTripTimeNanos=4411200}
2020-10-27 10:25:55.987 [main] INFO  org.springframework.boot.actuate.endpoint.web.EndpointLinksResolver - Exposing 13 endpoint(s) beneath base path '/actuator'
2020-10-27 10:25:56.529 [main] INFO  springfox.documentation.spring.web.PropertySourcedRequestMappingHandlerMapping - Mapped URL path [/v2/api-docs] onto method [springfox.documentation.swagger2.web.Swagger2Controller#getDocumentation(String, HttpServletRequest)]
2020-10-27 10:26:01.387 [main] INFO  org.reflections.Reflections - Reflections took 4770 ms to scan 217 urls, producing 18711 keys and 93216 values 
2020-10-27 10:26:08.572 [main] INFO  org.reflections.Reflections - Reflections took 4515 ms to scan 217 urls, producing 18711 keys and 93216 values 
2020-10-27 10:26:13.368 [main] INFO  org.reflections.Reflections - Reflections took 4067 ms to scan 217 urls, producing 18711 keys and 93216 values 
2020-10-27 10:26:14.008 [main] INFO  com.fans.threadpool.basic.PoolRegister - 
--> PoolRegister init() @2020-10-27 10:26:13
2020-10-27 10:26:14.008 [main] INFO  com.fans.threadpool.basic.PoolRegister - 
--> 可用线程队列列表(poolRegister.executeHandler(eventBean)) : 
[
  "The 【MessageBean】 queue ready !!!  Action : 消息执行器,发送消息专用",
  "The 【PayBean】 queue ready !!!  Action : 支付执行器,支付后执行逻辑 例如扣库存"
]
--> 私有线程池列表(ThreadPoolProxyFactory.getThreadPoolProxy()) : 
[
  "The ThreadPool 【ThreadPoolProxy】 init() @ success !!! Description : 本地线程池"
]
--> 私有缓存池列表(LocalCacheProxyFactory.getLocalCacheProxy()) : 
[
  "The LoadingCache 【LocalCacheProxy】 init() @ success !!! Description : 本地缓存"
]
2020-10-27 10:26:14.709 [main] INFO  org.springframework.scheduling.concurrent.ThreadPoolTaskExecutor - Initializing ExecutorService 'applicationTaskExecutor'
2020-10-27 10:26:16.096 [main] INFO  springfox.documentation.spring.web.plugins.DocumentationPluginsBootstrapper - Context refreshed
2020-10-27 10:26:16.117 [main] INFO  springfox.documentation.spring.web.plugins.DocumentationPluginsBootstrapper - Found 2 custom documentation plugin(s)
2020-10-27 10:26:16.189 [main] INFO  springfox.documentation.spring.web.scanners.ApiListingReferenceScanner - Scanning for api listing references
2020-10-27 10:26:16.454 [main] INFO  springfox.documentation.spring.web.scanners.ApiListingReferenceScanner - Scanning for api listing references
2020-10-27 10:26:16.477 [main] INFO  com.fans.modules.banner.service.IBannerServiceTest - Started IBannerServiceTest in 32.935 seconds (JVM running for 35.711)
2020-10-27 10:26:16.490 [main] INFO  org.springframework.boot.autoconfigure.logging.ConditionEvaluationReportLoggingListener - 

Error starting ApplicationContext. To display the conditions report re-run your application with 'debug' enabled.
2020-10-27 10:26:16.511 [main] INFO  org.springframework.scheduling.concurrent.ThreadPoolTaskExecutor - Shutting down ExecutorService 'applicationTaskExecutor'
2020-10-27 10:28:17.506 [main] INFO  org.springframework.boot.test.context.SpringBootTestContextBootstrapper - Neither @ContextConfiguration nor @ContextHierarchy found for test class [com.fans.modules.banner.service.BannerServiceTest], using SpringBootContextLoader
2020-10-27 10:28:17.538 [main] INFO  org.springframework.test.context.support.AbstractContextLoader - Could not detect default resource locations for test class [com.fans.modules.banner.service.BannerServiceTest]: no resource found for suffixes {-context.xml, Context.groovy}.
2020-10-27 10:28:17.543 [main] INFO  org.springframework.test.context.support.AnnotationConfigContextLoaderUtils - Could not detect default configuration classes for test class [com.fans.modules.banner.service.BannerServiceTest]: BannerServiceTest does not declare any static, non-private, non-final, nested classes annotated with @Configuration.
2020-10-27 10:28:17.960 [main] INFO  org.springframework.boot.test.context.SpringBootTestContextBootstrapper - Found @SpringBootConfiguration com.fans.modules.banner.BannerApplication for test class com.fans.modules.banner.service.BannerServiceTest
2020-10-27 10:28:18.506 [main] INFO  org.springframework.boot.test.context.SpringBootTestContextBootstrapper - Loaded default TestExecutionListener class names from location [META-INF/spring.factories]: [org.springframework.boot.test.mock.mockito.MockitoTestExecutionListener, org.springframework.boot.test.mock.mockito.ResetMocksTestExecutionListener, org.springframework.boot.test.autoconfigure.restdocs.RestDocsTestExecutionListener, org.springframework.boot.test.autoconfigure.web.client.MockRestServiceServerResetTestExecutionListener, org.springframework.boot.test.autoconfigure.web.servlet.MockMvcPrintOnlyOnFailureTestExecutionListener, org.springframework.boot.test.autoconfigure.web.servlet.WebDriverTestExecutionListener, org.springframework.boot.test.autoconfigure.webservices.client.MockWebServiceServerTestExecutionListener, org.springframework.test.context.web.ServletTestExecutionListener, org.springframework.test.context.support.DirtiesContextBeforeModesTestExecutionListener, org.springframework.test.context.support.DependencyInjectionTestExecutionListener, org.springframework.test.context.support.DirtiesContextTestExecutionListener, org.springframework.test.context.transaction.TransactionalTestExecutionListener, org.springframework.test.context.jdbc.SqlScriptsTestExecutionListener, org.springframework.test.context.event.EventPublishingTestExecutionListener]
2020-10-27 10:28:18.552 [main] INFO  org.springframework.boot.test.context.SpringBootTestContextBootstrapper - Using TestExecutionListeners: [org.springframework.test.context.web.ServletTestExecutionListener@2141a12, org.springframework.test.context.support.DirtiesContextBeforeModesTestExecutionListener@4196c360, org.springframework.boot.test.mock.mockito.MockitoTestExecutionListener@41294f8, org.springframework.boot.test.autoconfigure.SpringBootDependencyInjectionTestExecutionListener@225129c, org.springframework.test.context.support.DirtiesContextTestExecutionListener@20435c40, org.springframework.test.context.transaction.TransactionalTestExecutionListener@573906eb, org.springframework.test.context.jdbc.SqlScriptsTestExecutionListener@479ceda0, org.springframework.test.context.event.EventPublishingTestExecutionListener@6d07a63d, org.springframework.boot.test.mock.mockito.ResetMocksTestExecutionListener@571c5681, org.springframework.boot.test.autoconfigure.restdocs.RestDocsTestExecutionListener@488d1cd7, org.springframework.boot.test.autoconfigure.web.client.MockRestServiceServerResetTestExecutionListener@68dc098b, org.springframework.boot.test.autoconfigure.web.servlet.MockMvcPrintOnlyOnFailureTestExecutionListener@38ba6ce3, org.springframework.boot.test.autoconfigure.web.servlet.WebDriverTestExecutionListener@d278d2b, org.springframework.boot.test.autoconfigure.webservices.client.MockWebServiceServerTestExecutionListener@2d6c53fc]
2020-10-27 10:28:19.202 [background-preinit] INFO  org.hibernate.validator.internal.util.Version - HV000001: Hibernate Validator 6.1.5.Final
2020-10-27 10:28:19.241 [main] INFO  com.fans.modules.banner.service.BannerServiceTest - Starting BannerServiceTest on DESKTOP-3U8JFKN with PID 9024 (started by Administrator in C:\work\project\springcloud-falsework\project-service-banner)
2020-10-27 10:28:19.242 [main] INFO  com.fans.modules.banner.service.BannerServiceTest - The following profiles are active: dev
2020-10-27 10:28:22.859 [main] INFO  org.springframework.data.repository.config.RepositoryConfigurationDelegate - Multiple Spring Data modules found, entering strict repository configuration mode!
2020-10-27 10:28:22.862 [main] INFO  org.springframework.data.repository.config.RepositoryConfigurationDelegate - Bootstrapping Spring Data MongoDB repositories in DEFAULT mode.
2020-10-27 10:28:23.488 [main] INFO  org.springframework.data.repository.config.RepositoryConfigurationDelegate - Finished Spring Data repository scanning in 618ms. Found 1 MongoDB repository interfaces.
2020-10-27 10:28:23.523 [main] INFO  org.springframework.data.repository.config.RepositoryConfigurationDelegate - Multiple Spring Data modules found, entering strict repository configuration mode!
2020-10-27 10:28:23.528 [main] INFO  org.springframework.data.repository.config.RepositoryConfigurationDelegate - Bootstrapping Spring Data Redis repositories in DEFAULT mode.
2020-10-27 10:28:23.575 [main] INFO  org.springframework.data.repository.config.RepositoryConfigurationExtensionSupport - Spring Data Redis - Could not safely identify store assignment for repository candidate interface com.fans.modules.banner.repository.MongoDbRepository. If you want this repository to be a Redis repository, consider annotating your entities with one of these annotations: org.springframework.data.redis.core.RedisHash (preferred), or consider extending one of the following types with your repository: org.springframework.data.keyvalue.repository.KeyValueRepository.
2020-10-27 10:28:23.576 [main] INFO  org.springframework.data.repository.config.RepositoryConfigurationDelegate - Finished Spring Data repository scanning in 27ms. Found 0 Redis repository interfaces.
2020-10-27 10:28:25.534 [main] INFO  org.springframework.context.support.PostProcessorRegistrationDelegate$BeanPostProcessorChecker - Bean 'spring.redis-org.springframework.boot.autoconfigure.data.redis.RedisProperties' of type [org.springframework.boot.autoconfigure.data.redis.RedisProperties] is not eligible for getting processed by all BeanPostProcessors (for example: not eligible for auto-proxying)
2020-10-27 10:28:25.550 [main] INFO  org.springframework.context.support.PostProcessorRegistrationDelegate$BeanPostProcessorChecker - Bean 'redisClusterProperty' of type [com.fans.properties.RedisClusterProperty] is not eligible for getting processed by all BeanPostProcessors (for example: not eligible for auto-proxying)
2020-10-27 10:28:25.554 [main] INFO  org.springframework.context.support.PostProcessorRegistrationDelegate$BeanPostProcessorChecker - Bean 'redisConfiguration' of type [com.fans.core.configuration.RedisConfiguration$$EnhancerBySpringCGLIB$$769b2291] is not eligible for getting processed by all BeanPostProcessors (for example: not eligible for auto-proxying)
2020-10-27 10:28:26.050 [main] INFO  com.fans.core.datasource.config.DynamicDataSourceConfig - 
--> Let's inspect the dataSource provided by Spring Boot to project: 
{
  "defaultDatabase":"系统默认数据源",
  "cloudy":"Security框架",
  "security":"Rbac框架"
}
2020-10-27 10:28:29.981 [main] INFO  org.mongodb.driver.cluster - Cluster created with settings {hosts=[127.0.0.1:27017], mode=SINGLE, requiredClusterType=UNKNOWN, serverSelectionTimeout='30000 ms'}
2020-10-27 10:28:30.077 [cluster-ClusterId{value='5f9785cdae0de2378b5d7540', description='null'}-127.0.0.1:27017] INFO  org.mongodb.driver.connection - Opened connection [connectionId{localValue:1, serverValue:29}] to 127.0.0.1:27017
2020-10-27 10:28:30.086 [cluster-ClusterId{value='5f9785cdae0de2378b5d7540', description='null'}-127.0.0.1:27017] INFO  org.mongodb.driver.cluster - Monitor thread successfully connected to server with description ServerDescription{address=127.0.0.1:27017, type=STANDALONE, state=CONNECTED, ok=true, minWireVersion=0, maxWireVersion=9, maxDocumentSize=16777216, logicalSessionTimeoutMinutes=30, roundTripTimeNanos=5551900}
2020-10-27 10:28:34.070 [main] INFO  org.springframework.boot.actuate.endpoint.web.EndpointLinksResolver - Exposing 13 endpoint(s) beneath base path '/actuator'
2020-10-27 10:28:34.725 [main] INFO  springfox.documentation.spring.web.PropertySourcedRequestMappingHandlerMapping - Mapped URL path [/v2/api-docs] onto method [springfox.documentation.swagger2.web.Swagger2Controller#getDocumentation(String, HttpServletRequest)]
2020-10-27 10:28:39.720 [main] INFO  org.reflections.Reflections - Reflections took 4896 ms to scan 217 urls, producing 18711 keys and 93216 values 
2020-10-27 10:28:49.556 [main] INFO  org.reflections.Reflections - Reflections took 4717 ms to scan 217 urls, producing 18711 keys and 93216 values 
2020-10-27 10:28:54.886 [main] INFO  org.reflections.Reflections - Reflections took 4485 ms to scan 217 urls, producing 18711 keys and 93216 values 
2020-10-27 10:28:55.840 [main] INFO  com.fans.threadpool.basic.PoolRegister - 
--> PoolRegister init() @2020-10-27 10:28:55
2020-10-27 10:28:55.840 [main] INFO  com.fans.threadpool.basic.PoolRegister - 
--> 可用线程队列列表(poolRegister.executeHandler(eventBean)) : 
[
  "The 【PayBean】 queue ready !!!  Action : 支付执行器,支付后执行逻辑 例如扣库存",
  "The 【MessageBean】 queue ready !!!  Action : 消息执行器,发送消息专用"
]
--> 私有线程池列表(ThreadPoolProxyFactory.getThreadPoolProxy()) : 
[
  "The ThreadPool 【ThreadPoolProxy】 init() @ success !!! Description : 本地线程池"
]
--> 私有缓存池列表(LocalCacheProxyFactory.getLocalCacheProxy()) : 
[
  "The LoadingCache 【LocalCacheProxy】 init() @ success !!! Description : 本地缓存"
]
2020-10-27 10:28:56.753 [main] INFO  org.springframework.scheduling.concurrent.ThreadPoolTaskExecutor - Initializing ExecutorService 'applicationTaskExecutor'
2020-10-27 10:28:58.135 [main] INFO  springfox.documentation.spring.web.plugins.DocumentationPluginsBootstrapper - Context refreshed
2020-10-27 10:28:58.153 [main] INFO  springfox.documentation.spring.web.plugins.DocumentationPluginsBootstrapper - Found 2 custom documentation plugin(s)
2020-10-27 10:28:58.225 [main] INFO  springfox.documentation.spring.web.scanners.ApiListingReferenceScanner - Scanning for api listing references
2020-10-27 10:28:58.576 [main] INFO  springfox.documentation.spring.web.scanners.ApiListingReferenceScanner - Scanning for api listing references
2020-10-27 10:28:58.606 [main] INFO  com.fans.modules.banner.service.BannerServiceTest - Started BannerServiceTest in 39.969 seconds (JVM running for 42.871)
2020-10-27 10:28:58.627 [main] INFO  org.springframework.boot.autoconfigure.logging.ConditionEvaluationReportLoggingListener - 

Error starting ApplicationContext. To display the conditions report re-run your application with 'debug' enabled.
2020-10-27 10:28:58.667 [main] INFO  org.springframework.scheduling.concurrent.ThreadPoolTaskExecutor - Shutting down ExecutorService 'applicationTaskExecutor'
2020-10-27 10:30:04.732 [main] INFO  org.springframework.boot.test.context.SpringBootTestContextBootstrapper - Neither @ContextConfiguration nor @ContextHierarchy found for test class [com.fans.modules.banner.service.BannerServiceTest], using SpringBootContextLoader
2020-10-27 10:30:04.778 [main] INFO  org.springframework.test.context.support.AbstractContextLoader - Could not detect default resource locations for test class [com.fans.modules.banner.service.BannerServiceTest]: no resource found for suffixes {-context.xml, Context.groovy}.
2020-10-27 10:30:04.779 [main] INFO  org.springframework.test.context.support.AnnotationConfigContextLoaderUtils - Could not detect default configuration classes for test class [com.fans.modules.banner.service.BannerServiceTest]: BannerServiceTest does not declare any static, non-private, non-final, nested classes annotated with @Configuration.
2020-10-27 10:30:05.112 [main] INFO  org.springframework.boot.test.context.SpringBootTestContextBootstrapper - Found @SpringBootConfiguration com.fans.modules.banner.BannerApplication for test class com.fans.modules.banner.service.BannerServiceTest
2020-10-27 10:30:05.585 [main] INFO  org.springframework.boot.test.context.SpringBootTestContextBootstrapper - Loaded default TestExecutionListener class names from location [META-INF/spring.factories]: [org.springframework.boot.test.mock.mockito.MockitoTestExecutionListener, org.springframework.boot.test.mock.mockito.ResetMocksTestExecutionListener, org.springframework.boot.test.autoconfigure.restdocs.RestDocsTestExecutionListener, org.springframework.boot.test.autoconfigure.web.client.MockRestServiceServerResetTestExecutionListener, org.springframework.boot.test.autoconfigure.web.servlet.MockMvcPrintOnlyOnFailureTestExecutionListener, org.springframework.boot.test.autoconfigure.web.servlet.WebDriverTestExecutionListener, org.springframework.boot.test.autoconfigure.webservices.client.MockWebServiceServerTestExecutionListener, org.springframework.test.context.web.ServletTestExecutionListener, org.springframework.test.context.support.DirtiesContextBeforeModesTestExecutionListener, org.springframework.test.context.support.DependencyInjectionTestExecutionListener, org.springframework.test.context.support.DirtiesContextTestExecutionListener, org.springframework.test.context.transaction.TransactionalTestExecutionListener, org.springframework.test.context.jdbc.SqlScriptsTestExecutionListener, org.springframework.test.context.event.EventPublishingTestExecutionListener]
2020-10-27 10:30:05.650 [main] INFO  org.springframework.boot.test.context.SpringBootTestContextBootstrapper - Using TestExecutionListeners: [org.springframework.test.context.web.ServletTestExecutionListener@4fbdc0f0, org.springframework.test.context.support.DirtiesContextBeforeModesTestExecutionListener@2ad3a1bb, org.springframework.boot.test.mock.mockito.MockitoTestExecutionListener@6bc28a83, org.springframework.boot.test.autoconfigure.SpringBootDependencyInjectionTestExecutionListener@324c64cd, org.springframework.test.context.support.DirtiesContextTestExecutionListener@13579834, org.springframework.test.context.transaction.TransactionalTestExecutionListener@24be2d9c, org.springframework.test.context.jdbc.SqlScriptsTestExecutionListener@5bd73d1a, org.springframework.test.context.event.EventPublishingTestExecutionListener@aec50a1, org.springframework.boot.test.mock.mockito.ResetMocksTestExecutionListener@2555fff0, org.springframework.boot.test.autoconfigure.restdocs.RestDocsTestExecutionListener@70d2e40b, org.springframework.boot.test.autoconfigure.web.client.MockRestServiceServerResetTestExecutionListener@120f38e6, org.springframework.boot.test.autoconfigure.web.servlet.MockMvcPrintOnlyOnFailureTestExecutionListener@7a0e1b5e, org.springframework.boot.test.autoconfigure.web.servlet.WebDriverTestExecutionListener@702ed190, org.springframework.boot.test.autoconfigure.webservices.client.MockWebServiceServerTestExecutionListener@173b9122]
2020-10-27 10:30:06.287 [background-preinit] INFO  org.hibernate.validator.internal.util.Version - HV000001: Hibernate Validator 6.1.5.Final
2020-10-27 10:30:06.320 [main] INFO  com.fans.modules.banner.service.BannerServiceTest - Starting BannerServiceTest on DESKTOP-3U8JFKN with PID 4564 (started by Administrator in C:\work\project\springcloud-falsework\project-service-banner)
2020-10-27 10:30:06.321 [main] INFO  com.fans.modules.banner.service.BannerServiceTest - The following profiles are active: dev
2020-10-27 10:30:08.782 [main] INFO  org.springframework.data.repository.config.RepositoryConfigurationDelegate - Multiple Spring Data modules found, entering strict repository configuration mode!
2020-10-27 10:30:08.785 [main] INFO  org.springframework.data.repository.config.RepositoryConfigurationDelegate - Bootstrapping Spring Data MongoDB repositories in DEFAULT mode.
2020-10-27 10:30:09.164 [main] INFO  org.springframework.data.repository.config.RepositoryConfigurationDelegate - Finished Spring Data repository scanning in 372ms. Found 1 MongoDB repository interfaces.
2020-10-27 10:30:09.190 [main] INFO  org.springframework.data.repository.config.RepositoryConfigurationDelegate - Multiple Spring Data modules found, entering strict repository configuration mode!
2020-10-27 10:30:09.192 [main] INFO  org.springframework.data.repository.config.RepositoryConfigurationDelegate - Bootstrapping Spring Data Redis repositories in DEFAULT mode.
2020-10-27 10:30:09.228 [main] INFO  org.springframework.data.repository.config.RepositoryConfigurationExtensionSupport - Spring Data Redis - Could not safely identify store assignment for repository candidate interface com.fans.modules.banner.repository.MongoDbRepository. If you want this repository to be a Redis repository, consider annotating your entities with one of these annotations: org.springframework.data.redis.core.RedisHash (preferred), or consider extending one of the following types with your repository: org.springframework.data.keyvalue.repository.KeyValueRepository.
2020-10-27 10:30:09.229 [main] INFO  org.springframework.data.repository.config.RepositoryConfigurationDelegate - Finished Spring Data repository scanning in 14ms. Found 0 Redis repository interfaces.
2020-10-27 10:30:11.274 [main] INFO  org.springframework.context.support.PostProcessorRegistrationDelegate$BeanPostProcessorChecker - Bean 'spring.redis-org.springframework.boot.autoconfigure.data.redis.RedisProperties' of type [org.springframework.boot.autoconfigure.data.redis.RedisProperties] is not eligible for getting processed by all BeanPostProcessors (for example: not eligible for auto-proxying)
2020-10-27 10:30:11.287 [main] INFO  org.springframework.context.support.PostProcessorRegistrationDelegate$BeanPostProcessorChecker - Bean 'redisClusterProperty' of type [com.fans.properties.RedisClusterProperty] is not eligible for getting processed by all BeanPostProcessors (for example: not eligible for auto-proxying)
2020-10-27 10:30:11.290 [main] INFO  org.springframework.context.support.PostProcessorRegistrationDelegate$BeanPostProcessorChecker - Bean 'redisConfiguration' of type [com.fans.core.configuration.RedisConfiguration$$EnhancerBySpringCGLIB$$a4fb593] is not eligible for getting processed by all BeanPostProcessors (for example: not eligible for auto-proxying)
2020-10-27 10:30:11.852 [main] INFO  com.fans.core.datasource.config.DynamicDataSourceConfig - 
--> Let's inspect the dataSource provided by Spring Boot to project: 
{
  "defaultDatabase":"系统默认数据源",
  "cloudy":"Security框架",
  "security":"Rbac框架"
}
2020-10-27 10:30:16.478 [main] INFO  org.mongodb.driver.cluster - Cluster created with settings {hosts=[127.0.0.1:27017], mode=SINGLE, requiredClusterType=UNKNOWN, serverSelectionTimeout='30000 ms'}
2020-10-27 10:30:16.610 [cluster-ClusterId{value='5f97863804718d7467d7f976', description='null'}-127.0.0.1:27017] INFO  org.mongodb.driver.connection - Opened connection [connectionId{localValue:1, serverValue:30}] to 127.0.0.1:27017
2020-10-27 10:30:16.619 [cluster-ClusterId{value='5f97863804718d7467d7f976', description='null'}-127.0.0.1:27017] INFO  org.mongodb.driver.cluster - Monitor thread successfully connected to server with description ServerDescription{address=127.0.0.1:27017, type=STANDALONE, state=CONNECTED, ok=true, minWireVersion=0, maxWireVersion=9, maxDocumentSize=16777216, logicalSessionTimeoutMinutes=30, roundTripTimeNanos=5683200}
2020-10-27 10:30:21.925 [main] INFO  org.springframework.boot.actuate.endpoint.web.EndpointLinksResolver - Exposing 13 endpoint(s) beneath base path '/actuator'
2020-10-27 10:30:22.556 [main] INFO  springfox.documentation.spring.web.PropertySourcedRequestMappingHandlerMapping - Mapped URL path [/v2/api-docs] onto method [springfox.documentation.swagger2.web.Swagger2Controller#getDocumentation(String, HttpServletRequest)]
2020-10-27 10:30:28.482 [main] INFO  org.reflections.Reflections - Reflections took 5819 ms to scan 218 urls, producing 18737 keys and 93376 values 
2020-10-27 10:30:38.710 [main] INFO  org.reflections.Reflections - Reflections took 5184 ms to scan 218 urls, producing 18737 keys and 93376 values 
